<?xml version="1.0" ?>
<coverage version="5.5" timestamp="1618486806595" lines-valid="579" lines-covered="332" line-rate="0.5734" branches-covered="0" branches-valid="0" branch-rate="0" complexity="0">
	<!-- Generated by coverage.py: https://coverage.readthedocs.io -->
	<!-- Based on https://raw.githubusercontent.com/cobertura/web/master/htdocs/xml/coverage-04.dtd -->
	<sources>
		<source></source>
	</sources>
	<packages>
		<package name="C:.Users.Saransh.AppData.Roaming.Python.Python39.site-packages" line-rate="0.5112" branch-rate="0" complexity="0">
			<classes>
				<class name="six.py" filename="C:/Users/Saransh/AppData/Roaming/Python/Python39/site-packages/six.py" complexity="0" line-rate="0.5112" branch-rate="0">
					<methods/>
					<lines>
						<line number="21" hits="1"/>
						<line number="23" hits="1"/>
						<line number="25" hits="1"/>
						<line number="26" hits="1"/>
						<line number="27" hits="1"/>
						<line number="28" hits="1"/>
						<line number="29" hits="1"/>
						<line number="31" hits="1"/>
						<line number="32" hits="1"/>
						<line number="36" hits="1"/>
						<line number="37" hits="1"/>
						<line number="38" hits="1"/>
						<line number="40" hits="1"/>
						<line number="41" hits="1"/>
						<line number="42" hits="1"/>
						<line number="43" hits="1"/>
						<line number="44" hits="1"/>
						<line number="45" hits="1"/>
						<line number="47" hits="1"/>
						<line number="49" hits="0"/>
						<line number="50" hits="0"/>
						<line number="51" hits="0"/>
						<line number="52" hits="0"/>
						<line number="53" hits="0"/>
						<line number="55" hits="0"/>
						<line number="57" hits="0"/>
						<line number="60" hits="0"/>
						<line number="62" hits="0"/>
						<line number="63" hits="0"/>
						<line number="64" hits="0"/>
						<line number="65" hits="0"/>
						<line number="66" hits="0"/>
						<line number="68" hits="0"/>
						<line number="71" hits="0"/>
						<line number="72" hits="0"/>
						<line number="75" hits="1"/>
						<line number="77" hits="1"/>
						<line number="80" hits="1"/>
						<line number="82" hits="1"/>
						<line number="83" hits="1"/>
						<line number="86" hits="1"/>
						<line number="88" hits="1"/>
						<line number="89" hits="1"/>
						<line number="91" hits="1"/>
						<line number="92" hits="1"/>
						<line number="93" hits="1"/>
						<line number="94" hits="1"/>
						<line number="97" hits="1"/>
						<line number="98" hits="0"/>
						<line number="99" hits="0"/>
						<line number="100" hits="1"/>
						<line number="103" hits="1"/>
						<line number="105" hits="1"/>
						<line number="106" hits="1"/>
						<line number="107" hits="1"/>
						<line number="108" hits="1"/>
						<line number="109" hits="1"/>
						<line number="110" hits="1"/>
						<line number="112" hits="0"/>
						<line number="114" hits="1"/>
						<line number="115" hits="1"/>
						<line number="117" hits="1"/>
						<line number="118" hits="0"/>
						<line number="119" hits="0"/>
						<line number="120" hits="0"/>
						<line number="121" hits="0"/>
						<line number="124" hits="1"/>
						<line number="126" hits="1"/>
						<line number="127" hits="1"/>
						<line number="128" hits="1"/>
						<line number="130" hits="1"/>
						<line number="131" hits="0"/>
						<line number="132" hits="0"/>
						<line number="133" hits="0"/>
						<line number="136" hits="1"/>
						<line number="139" hits="1"/>
						<line number="141" hits="1"/>
						<line number="142" hits="1"/>
						<line number="143" hits="1"/>
						<line number="144" hits="1"/>
						<line number="145" hits="0"/>
						<line number="146" hits="1"/>
						<line number="147" hits="1"/>
						<line number="148" hits="1"/>
						<line number="149" hits="1"/>
						<line number="151" hits="1"/>
						<line number="152" hits="1"/>
						<line number="154" hits="0"/>
						<line number="155" hits="0"/>
						<line number="156" hits="0"/>
						<line number="157" hits="0"/>
						<line number="159" hits="1"/>
						<line number="160" hits="1"/>
						<line number="161" hits="1"/>
						<line number="164" hits="1"/>
						<line number="173" hits="1"/>
						<line number="174" hits="1"/>
						<line number="175" hits="1"/>
						<line number="177" hits="1"/>
						<line number="178" hits="1"/>
						<line number="179" hits="1"/>
						<line number="181" hits="1"/>
						<line number="182" hits="1"/>
						<line number="184" hits="1"/>
						<line number="185" hits="1"/>
						<line number="186" hits="1"/>
						<line number="187" hits="1"/>
						<line number="189" hits="1"/>
						<line number="190" hits="1"/>
						<line number="191" hits="1"/>
						<line number="192" hits="0"/>
						<line number="193" hits="0"/>
						<line number="195" hits="1"/>
						<line number="196" hits="1"/>
						<line number="198" hits="1"/>
						<line number="199" hits="1"/>
						<line number="200" hits="1"/>
						<line number="201" hits="1"/>
						<line number="202" hits="1"/>
						<line number="203" hits="0"/>
						<line number="205" hits="1"/>
						<line number="206" hits="1"/>
						<line number="207" hits="1"/>
						<line number="209" hits="1"/>
						<line number="216" hits="1"/>
						<line number="218" hits="1"/>
						<line number="222" hits="0"/>
						<line number="223" hits="0"/>
						<line number="224" hits="1"/>
						<line number="226" hits="1"/>
						<line number="229" hits="1"/>
						<line number="232" hits="1"/>
						<line number="235" hits="1"/>
						<line number="307" hits="1"/>
						<line number="308" hits="1"/>
						<line number="312" hits="1"/>
						<line number="313" hits="1"/>
						<line number="314" hits="1"/>
						<line number="315" hits="1"/>
						<line number="316" hits="1"/>
						<line number="318" hits="1"/>
						<line number="320" hits="1"/>
						<line number="321" hits="1"/>
						<line number="324" hits="1"/>
						<line number="329" hits="1"/>
						<line number="356" hits="1"/>
						<line number="357" hits="1"/>
						<line number="358" hits="1"/>
						<line number="360" hits="1"/>
						<line number="362" hits="1"/>
						<line number="366" hits="1"/>
						<line number="371" hits="1"/>
						<line number="376" hits="1"/>
						<line number="377" hits="1"/>
						<line number="378" hits="1"/>
						<line number="380" hits="1"/>
						<line number="382" hits="1"/>
						<line number="386" hits="1"/>
						<line number="391" hits="1"/>
						<line number="428" hits="1"/>
						<line number="429" hits="1"/>
						<line number="430" hits="1"/>
						<line number="432" hits="1"/>
						<line number="434" hits="1"/>
						<line number="438" hits="1"/>
						<line number="443" hits="1"/>
						<line number="449" hits="1"/>
						<line number="450" hits="1"/>
						<line number="451" hits="1"/>
						<line number="453" hits="1"/>
						<line number="455" hits="1"/>
						<line number="459" hits="1"/>
						<line number="464" hits="1"/>
						<line number="467" hits="1"/>
						<line number="468" hits="1"/>
						<line number="469" hits="1"/>
						<line number="471" hits="1"/>
						<line number="473" hits="1"/>
						<line number="477" hits="1"/>
						<line number="480" hits="1"/>
						<line number="481" hits="1"/>
						<line number="482" hits="1"/>
						<line number="483" hits="1"/>
						<line number="484" hits="1"/>
						<line number="485" hits="1"/>
						<line number="487" hits="1"/>
						<line number="488" hits="0"/>
						<line number="490" hits="1"/>
						<line number="494" hits="1"/>
						<line number="496" hits="0"/>
						<line number="499" hits="1"/>
						<line number="501" hits="0"/>
						<line number="502" hits="0"/>
						<line number="503" hits="0"/>
						<line number="504" hits="0"/>
						<line number="505" hits="0"/>
						<line number="506" hits="0"/>
						<line number="507" hits="0"/>
						<line number="510" hits="1"/>
						<line number="511" hits="1"/>
						<line number="512" hits="1"/>
						<line number="514" hits="1"/>
						<line number="515" hits="1"/>
						<line number="516" hits="1"/>
						<line number="517" hits="1"/>
						<line number="519" hits="0"/>
						<line number="520" hits="0"/>
						<line number="522" hits="0"/>
						<line number="523" hits="0"/>
						<line number="524" hits="0"/>
						<line number="525" hits="0"/>
						<line number="528" hits="1"/>
						<line number="529" hits="1"/>
						<line number="530" hits="0"/>
						<line number="531" hits="0"/>
						<line number="532" hits="0"/>
						<line number="533" hits="1"/>
						<line number="536" hits="1"/>
						<line number="537" hits="1"/>
						<line number="538" hits="0"/>
						<line number="539" hits="0"/>
						<line number="540" hits="0"/>
						<line number="543" hits="1"/>
						<line number="544" hits="1"/>
						<line number="545" hits="0"/>
						<line number="547" hits="1"/>
						<line number="549" hits="1"/>
						<line number="550" hits="0"/>
						<line number="552" hits="1"/>
						<line number="554" hits="0"/>
						<line number="555" hits="0"/>
						<line number="557" hits="0"/>
						<line number="558" hits="0"/>
						<line number="560" hits="0"/>
						<line number="561" hits="0"/>
						<line number="563" hits="0"/>
						<line number="565" hits="0"/>
						<line number="566" hits="0"/>
						<line number="568" hits="0"/>
						<line number="569" hits="1"/>
						<line number="573" hits="1"/>
						<line number="574" hits="1"/>
						<line number="575" hits="1"/>
						<line number="576" hits="1"/>
						<line number="577" hits="1"/>
						<line number="578" hits="1"/>
						<line number="581" hits="1"/>
						<line number="582" hits="1"/>
						<line number="583" hits="0"/>
						<line number="585" hits="1"/>
						<line number="586" hits="0"/>
						<line number="588" hits="1"/>
						<line number="589" hits="0"/>
						<line number="591" hits="1"/>
						<line number="592" hits="0"/>
						<line number="594" hits="1"/>
						<line number="596" hits="1"/>
						<line number="598" hits="1"/>
						<line number="600" hits="0"/>
						<line number="601" hits="0"/>
						<line number="603" hits="0"/>
						<line number="604" hits="0"/>
						<line number="606" hits="0"/>
						<line number="607" hits="0"/>
						<line number="609" hits="0"/>
						<line number="610" hits="0"/>
						<line number="612" hits="0"/>
						<line number="614" hits="0"/>
						<line number="616" hits="0"/>
						<line number="618" hits="1"/>
						<line number="619" hits="1"/>
						<line number="620" hits="1"/>
						<line number="622" hits="1"/>
						<line number="626" hits="1"/>
						<line number="627" hits="1"/>
						<line number="628" hits="0"/>
						<line number="630" hits="1"/>
						<line number="631" hits="0"/>
						<line number="632" hits="1"/>
						<line number="633" hits="1"/>
						<line number="634" hits="1"/>
						<line number="635" hits="1"/>
						<line number="636" hits="1"/>
						<line number="637" hits="1"/>
						<line number="638" hits="1"/>
						<line number="639" hits="1"/>
						<line number="640" hits="1"/>
						<line number="641" hits="1"/>
						<line number="642" hits="1"/>
						<line number="643" hits="1"/>
						<line number="644" hits="1"/>
						<line number="645" hits="0"/>
						<line number="646" hits="0"/>
						<line number="647" hits="0"/>
						<line number="649" hits="1"/>
						<line number="650" hits="1"/>
						<line number="651" hits="1"/>
						<line number="653" hits="0"/>
						<line number="654" hits="0"/>
						<line number="657" hits="0"/>
						<line number="658" hits="0"/>
						<line number="659" hits="0"/>
						<line number="660" hits="0"/>
						<line number="662" hits="0"/>
						<line number="663" hits="0"/>
						<line number="665" hits="0"/>
						<line number="666" hits="0"/>
						<line number="667" hits="0"/>
						<line number="668" hits="0"/>
						<line number="669" hits="0"/>
						<line number="670" hits="0"/>
						<line number="671" hits="0"/>
						<line number="672" hits="0"/>
						<line number="673" hits="0"/>
						<line number="674" hits="1"/>
						<line number="675" hits="1"/>
						<line number="678" hits="1"/>
						<line number="679" hits="0"/>
						<line number="682" hits="1"/>
						<line number="683" hits="0"/>
						<line number="686" hits="1"/>
						<line number="687" hits="0"/>
						<line number="690" hits="1"/>
						<line number="691" hits="0"/>
						<line number="694" hits="1"/>
						<line number="695" hits="1"/>
						<line number="697" hits="1"/>
						<line number="698" hits="0"/>
						<line number="699" hits="0"/>
						<line number="700" hits="0"/>
						<line number="701" hits="0"/>
						<line number="702" hits="0"/>
						<line number="703" hits="0"/>
						<line number="705" hits="0"/>
						<line number="706" hits="0"/>
						<line number="709" hits="0"/>
						<line number="711" hits="0"/>
						<line number="712" hits="0"/>
						<line number="713" hits="0"/>
						<line number="714" hits="0"/>
						<line number="715" hits="0"/>
						<line number="716" hits="0"/>
						<line number="717" hits="0"/>
						<line number="718" hits="0"/>
						<line number="719" hits="0"/>
						<line number="721" hits="0"/>
						<line number="729" hits="1"/>
						<line number="730" hits="1"/>
						<line number="737" hits="0"/>
						<line number="738" hits="0"/>
						<line number="741" hits="1"/>
						<line number="742" hits="1"/>
						<line number="743" hits="0"/>
						<line number="745" hits="0"/>
						<line number="746" hits="0"/>
						<line number="747" hits="0"/>
						<line number="749" hits="0"/>
						<line number="750" hits="0"/>
						<line number="751" hits="0"/>
						<line number="753" hits="0"/>
						<line number="756" hits="0"/>
						<line number="757" hits="0"/>
						<line number="758" hits="0"/>
						<line number="759" hits="0"/>
						<line number="760" hits="0"/>
						<line number="761" hits="0"/>
						<line number="762" hits="0"/>
						<line number="763" hits="0"/>
						<line number="764" hits="0"/>
						<line number="765" hits="0"/>
						<line number="766" hits="0"/>
						<line number="767" hits="0"/>
						<line number="768" hits="0"/>
						<line number="769" hits="0"/>
						<line number="770" hits="0"/>
						<line number="771" hits="0"/>
						<line number="772" hits="0"/>
						<line number="773" hits="0"/>
						<line number="774" hits="0"/>
						<line number="775" hits="0"/>
						<line number="776" hits="0"/>
						<line number="777" hits="0"/>
						<line number="778" hits="0"/>
						<line number="779" hits="0"/>
						<line number="780" hits="0"/>
						<line number="781" hits="0"/>
						<line number="782" hits="0"/>
						<line number="783" hits="0"/>
						<line number="785" hits="0"/>
						<line number="786" hits="0"/>
						<line number="787" hits="0"/>
						<line number="788" hits="0"/>
						<line number="789" hits="0"/>
						<line number="790" hits="0"/>
						<line number="791" hits="0"/>
						<line number="792" hits="0"/>
						<line number="793" hits="0"/>
						<line number="794" hits="0"/>
						<line number="795" hits="0"/>
						<line number="796" hits="1"/>
						<line number="797" hits="0"/>
						<line number="799" hits="0"/>
						<line number="800" hits="0"/>
						<line number="801" hits="0"/>
						<line number="802" hits="0"/>
						<line number="803" hits="0"/>
						<line number="804" hits="0"/>
						<line number="806" hits="1"/>
						<line number="808" hits="1"/>
						<line number="814" hits="0"/>
						<line number="817" hits="0"/>
						<line number="818" hits="0"/>
						<line number="819" hits="0"/>
						<line number="820" hits="0"/>
						<line number="821" hits="0"/>
						<line number="823" hits="0"/>
						<line number="824" hits="0"/>
						<line number="825" hits="0"/>
						<line number="826" hits="0"/>
						<line number="827" hits="0"/>
						<line number="828" hits="0"/>
						<line number="830" hits="0"/>
						<line number="832" hits="0"/>
						<line number="834" hits="0"/>
						<line number="837" hits="1"/>
						<line number="840" hits="1"/>
						<line number="845" hits="0"/>
						<line number="847" hits="0"/>
						<line number="848" hits="0"/>
						<line number="851" hits="0"/>
						<line number="852" hits="0"/>
						<line number="853" hits="0"/>
						<line number="855" hits="0"/>
						<line number="856" hits="0"/>
						<line number="858" hits="0"/>
						<line number="859" hits="0"/>
						<line number="860" hits="0"/>
						<line number="861" hits="0"/>
						<line number="864" hits="1"/>
						<line number="866" hits="1"/>
						<line number="867" hits="1"/>
						<line number="868" hits="1"/>
						<line number="869" hits="1"/>
						<line number="870" hits="0"/>
						<line number="871" hits="0"/>
						<line number="872" hits="0"/>
						<line number="873" hits="0"/>
						<line number="874" hits="1"/>
						<line number="875" hits="1"/>
						<line number="876" hits="1"/>
						<line number="877" hits="1"/>
						<line number="878" hits="1"/>
						<line number="879" hits="1"/>
						<line number="882" hits="1"/>
						<line number="893" hits="0"/>
						<line number="894" hits="0"/>
						<line number="895" hits="0"/>
						<line number="896" hits="0"/>
						<line number="897" hits="0"/>
						<line number="900" hits="1"/>
						<line number="912" hits="0"/>
						<line number="913" hits="0"/>
						<line number="914" hits="0"/>
						<line number="915" hits="0"/>
						<line number="916" hits="0"/>
						<line number="917" hits="0"/>
						<line number="918" hits="0"/>
						<line number="919" hits="0"/>
						<line number="920" hits="0"/>
						<line number="923" hits="1"/>
						<line number="934" hits="0"/>
						<line number="935" hits="0"/>
						<line number="936" hits="0"/>
						<line number="937" hits="0"/>
						<line number="939" hits="0"/>
						<line number="942" hits="1"/>
						<line number="950" hits="1"/>
						<line number="951" hits="0"/>
						<line number="952" hits="0"/>
						<line number="955" hits="0"/>
						<line number="956" hits="0"/>
						<line number="957" hits="1"/>
						<line number="963" hits="1"/>
						<line number="964" hits="1"/>
						<line number="965" hits="1"/>
						<line number="966" hits="1"/>
						<line number="970" hits="1"/>
						<line number="971" hits="1"/>
						<line number="976" hits="1"/>
						<line number="978" hits="0"/>
						<line number="979" hits="0"/>
						<line number="980" hits="1"/>
						<line number="982" hits="1"/>
					</lines>
				</class>
			</classes>
		</package>
		<package name="Experiments" line-rate="1" branch-rate="0" complexity="0">
			<classes>
				<class name="__init__.py" filename="Experiments/__init__.py" complexity="0" line-rate="1" branch-rate="0">
					<methods/>
					<lines/>
				</class>
			</classes>
		</package>
		<package name="InformationModule" line-rate="0.9167" branch-rate="0" complexity="0">
			<classes>
				<class name="Information.py" filename="InformationModule/Information.py" complexity="0" line-rate="0.9167" branch-rate="0">
					<methods/>
					<lines>
						<line number="1" hits="1"/>
						<line number="3" hits="1"/>
						<line number="4" hits="1"/>
						<line number="6" hits="1"/>
						<line number="7" hits="1"/>
						<line number="8" hits="1"/>
						<line number="9" hits="1"/>
						<line number="10" hits="1"/>
						<line number="11" hits="1"/>
						<line number="12" hits="1"/>
						<line number="13" hits="1"/>
						<line number="14" hits="1"/>
						<line number="16" hits="1"/>
						<line number="17" hits="1"/>
						<line number="18" hits="1"/>
						<line number="19" hits="1"/>
						<line number="20" hits="1"/>
						<line number="21" hits="1"/>
						<line number="22" hits="1"/>
						<line number="23" hits="1"/>
						<line number="24" hits="1"/>
						<line number="25" hits="1"/>
						<line number="34" hits="0"/>
						<line number="35" hits="0"/>
					</lines>
				</class>
				<class name="__init__.py" filename="InformationModule/__init__.py" complexity="0" line-rate="1" branch-rate="0">
					<methods/>
					<lines/>
				</class>
			</classes>
		</package>
		<package name="Models" line-rate="1" branch-rate="0" complexity="0">
			<classes>
				<class name="__init__.py" filename="Models/__init__.py" complexity="0" line-rate="1" branch-rate="0">
					<methods/>
					<lines/>
				</class>
			</classes>
		</package>
		<package name="Randomness" line-rate="0.875" branch-rate="0" complexity="0">
			<classes>
				<class name="PlotGraph.py" filename="Randomness/PlotGraph.py" complexity="0" line-rate="0.875" branch-rate="0">
					<methods/>
					<lines>
						<line number="1" hits="1"/>
						<line number="2" hits="1"/>
						<line number="3" hits="1"/>
						<line number="6" hits="1"/>
						<line number="8" hits="1"/>
						<line number="9" hits="1"/>
						<line number="10" hits="1"/>
						<line number="12" hits="1"/>
						<line number="13" hits="1"/>
						<line number="15" hits="1"/>
						<line number="16" hits="1"/>
						<line number="17" hits="1"/>
						<line number="18" hits="1"/>
						<line number="19" hits="0"/>
						<line number="20" hits="0"/>
						<line number="51" hits="1"/>
					</lines>
				</class>
				<class name="__init__.py" filename="Randomness/__init__.py" complexity="0" line-rate="1" branch-rate="0">
					<methods/>
					<lines/>
				</class>
			</classes>
		</package>
		<package name="test" line-rate="0.9565" branch-rate="0" complexity="0">
			<classes>
				<class name="__init__.py" filename="test/__init__.py" complexity="0" line-rate="1" branch-rate="0">
					<methods/>
					<lines/>
				</class>
				<class name="test_Information.py" filename="test/test_Information.py" complexity="0" line-rate="0.9545" branch-rate="0">
					<methods/>
					<lines>
						<line number="1" hits="1"/>
						<line number="2" hits="1"/>
						<line number="3" hits="1"/>
						<line number="5" hits="1"/>
						<line number="8" hits="1"/>
						<line number="9" hits="1"/>
						<line number="11" hits="1"/>
						<line number="12" hits="1"/>
						<line number="13" hits="1"/>
						<line number="14" hits="1"/>
						<line number="24" hits="1"/>
						<line number="25" hits="1"/>
						<line number="29" hits="1"/>
						<line number="33" hits="1"/>
						<line number="37" hits="1"/>
						<line number="42" hits="1"/>
						<line number="43" hits="1"/>
						<line number="52" hits="1"/>
						<line number="61" hits="1"/>
						<line number="70" hits="1"/>
						<line number="81" hits="1"/>
						<line number="82" hits="0"/>
					</lines>
				</class>
				<class name="test_plot_graph.py" filename="test/test_plot_graph.py" complexity="0" line-rate="0.9583" branch-rate="0">
					<methods/>
					<lines>
						<line number="1" hits="1"/>
						<line number="2" hits="1"/>
						<line number="3" hits="1"/>
						<line number="4" hits="1"/>
						<line number="5" hits="1"/>
						<line number="7" hits="1"/>
						<line number="10" hits="1"/>
						<line number="11" hits="1"/>
						<line number="13" hits="1"/>
						<line number="14" hits="1"/>
						<line number="16" hits="1"/>
						<line number="17" hits="1"/>
						<line number="18" hits="1"/>
						<line number="20" hits="1"/>
						<line number="21" hits="1"/>
						<line number="23" hits="1"/>
						<line number="24" hits="1"/>
						<line number="25" hits="1"/>
						<line number="26" hits="1"/>
						<line number="27" hits="1"/>
						<line number="28" hits="1"/>
						<line number="30" hits="1"/>
						<line number="32" hits="1"/>
						<line number="33" hits="0"/>
					</lines>
				</class>
			</classes>
		</package>
	</packages>
</coverage>
